生成启动时间为 2015-5-26 10:22:24。
     1>项目“C:\workspace\GrabCut\GrabCut\GrabCut.vcxproj”在节点 2 上(build 个目标)。
     1>InitializeBuildStatus:
         正在创建“Debug\GrabCut.unsuccessfulbuild”，因为已指定“AlwaysCreate”。
       ClCompile:
         C:\Program Files\Microsoft Visual Studio 10.0\VC\bin\CL.exe /c /ZI /nologo /W3 /WX- /Od /Oy- /D _MBCS /Gm /EHsc /RTC1 /MDd /GS /fp:precise /Zc:wchar_t /Zc:forScope /Fo"Debug\\" /Fd"Debug\vc100.pdb" /Gd /TP /analyze- /errorReport:prompt main.cpp
         main.cpp
     1>c:\workspace\opencv-build\include\opencv2\flann\logger.h(66): warning C4996: 'fopen': This function or variable may be unsafe. Consider using fopen_s instead. To disable deprecation, use _CRT_SECURE_NO_WARNINGS. See online help for details.
                 c:\program files\microsoft visual studio 10.0\vc\include\stdio.h(234) : 参见“fopen”的声明
       Link:
         C:\Program Files\Microsoft Visual Studio 10.0\VC\bin\link.exe /ERRORREPORT:PROMPT /OUT:"C:\workspace\GrabCut\Debug\GrabCut.exe" /NOLOGO opencv_core2410.lib opencv_highgui2410.lib opencv_imgproc2410.lib kernel32.lib user32.lib gdi32.lib winspool.lib comdlg32.lib advapi32.lib shell32.lib ole32.lib oleaut32.lib uuid.lib odbc32.lib odbccp32.lib /MANIFEST /ManifestFile:"Debug\GrabCut.exe.intermediate.manifest" /MANIFESTUAC:"level='asInvoker' uiAccess='false'" /DEBUG /PDB:"C:\workspace\GrabCut\Debug\GrabCut.pdb" /SUBSYSTEM:CONSOLE /TLBID:1 /DYNAMICBASE /NXCOMPAT /IMPLIB:"C:\workspace\GrabCut\Debug\GrabCut.lib" /MACHINE:X86 Debug\GCApplication.obj
         Debug\GrabCut.obj
         Debug\main.obj
         LINK : 没有找到 C:\workspace\GrabCut\Debug\GrabCut.exe 或上一个增量链接没有生成它；正在执行完全链接
         GrabCut.vcxproj -> C:\workspace\GrabCut\Debug\GrabCut.exe
       Manifest:
         C:\Program Files\Microsoft SDKs\Windows\v7.0A\bin\mt.exe /nologo /verbose /outputresource:"C:\workspace\GrabCut\Debug\GrabCut.exe;#1" /manifest Debug\GrabCut.exe.intermediate.manifest
       FinalizeBuildStatus:
         正在删除文件“Debug\GrabCut.unsuccessfulbuild”。
         正在对“Debug\GrabCut.lastbuildstate”执行 Touch 任务。
     1>已完成生成项目“C:\workspace\GrabCut\GrabCut\GrabCut.vcxproj”(build 个目标)的操作。

生成成功。

已用时间 00:00:04.64
